0 info it worked if it ends with ok
1 verbose cli [ 'C:\\Program Files\\nodejs\\node.exe',
1 verbose cli   'C:\\Users\\Brunet Sylvain\\AppData\\Roaming\\npm\\node_modules\\npm\\bin\\npm-cli.js',
1 verbose cli   'run',
1 verbose cli   'lint' ]
2 info using npm@3.10.8
3 info using node@v4.6.1
4 verbose run-script [ 'prelint', 'lint', 'postlint' ]
5 info lifecycle front@0.0.0~prelint: front@0.0.0
6 silly lifecycle front@0.0.0~prelint: no script for prelint, continuing
7 info lifecycle front@0.0.0~lint: front@0.0.0
8 verbose lifecycle front@0.0.0~lint: unsafe-perm in lifecycle true
9 verbose lifecycle front@0.0.0~lint: PATH: C:\Users\Brunet Sylvain\AppData\Roaming\npm\node_modules\npm\bin\node-gyp-bin;C:\Users\Brunet Sylvain\WebstormProjects\esport-front-end\node_modules\.bin;C:\Users\Brunet Sylvain\AppData\Roaming\npm;C:\Program Files\nodejs\;C:\ProgramData\Oracle\Java\javapath;C:\Program Files (x86)\Intel\iCLS Client\;C:\Program Files\Intel\iCLS Client\;C:\Windows\system32;C:\Windows;C:\Windows\System32\Wbem;C:\Windows\System32\WindowsPowerShell\v1.0\;C:\Program Files (x86)\NVIDIA Corporation\PhysX\Common;C:\Program Files\Intel\WiFi\bin\;C:\Program Files\Common Files\Intel\WirelessCommon\;C:\Program Files (x86)\Intel\Intel(R) Management Engine Components\DAL;C:\Program Files\Intel\Intel(R) Management Engine Components\DAL;C:\Program Files (x86)\Intel\Intel(R) Management Engine Components\IPT;C:\Program Files\Intel\Intel(R) Management Engine Components\IPT;D:\Programme\Git\cmd;C:\Program Files (x86)\GitExtensions\;C:\Program Files\nodejs\;C:\Program Files (x86)\Brackets\command;C:\Windows\system32\config\systemprofile\.dnx\bin;C:\Program Files\Microsoft DNX\Dnvm\;C:\Program Files\Microsoft SQL Server\130\Tools\Binn\;C:\Program Files (x86)\Windows Kits\10\Windows Performance Toolkit\;C:\Users\Brunet Sylvain\AppData\Local\Microsoft\WindowsApps;C:\Program Files\Intel\WiFi\bin\;C:\Program Files\Common Files\Intel\WirelessCommon\;D:\Programme\Node.js;C:\Users\Brunet Sylvain\AppData\Roaming\npm
10 verbose lifecycle front@0.0.0~lint: CWD: C:\Users\Brunet Sylvain\WebstormProjects\esport-front-end
11 silly lifecycle front@0.0.0~lint: Args: [ '/d /s /c', 'tslint "src/**/*.ts"' ]
12 silly lifecycle front@0.0.0~lint: Returned: code: 2  signal: null
13 info lifecycle front@0.0.0~lint: Failed to exec lint script
14 verbose stack Error: front@0.0.0 lint: `tslint "src/**/*.ts"`
14 verbose stack Exit status 2
14 verbose stack     at EventEmitter.<anonymous> (C:\Users\Brunet Sylvain\AppData\Roaming\npm\node_modules\npm\lib\utils\lifecycle.js:255:16)
14 verbose stack     at emitTwo (events.js:87:13)
14 verbose stack     at EventEmitter.emit (events.js:172:7)
14 verbose stack     at ChildProcess.<anonymous> (C:\Users\Brunet Sylvain\AppData\Roaming\npm\node_modules\npm\lib\utils\spawn.js:40:14)
14 verbose stack     at emitTwo (events.js:87:13)
14 verbose stack     at ChildProcess.emit (events.js:172:7)
14 verbose stack     at maybeClose (internal/child_process.js:829:16)
14 verbose stack     at Process.ChildProcess._handle.onexit (internal/child_process.js:211:5)
15 verbose pkgid front@0.0.0
16 verbose cwd C:\Users\Brunet Sylvain\WebstormProjects\esport-front-end
17 error Windows_NT 10.0.14393
18 error argv "C:\\Program Files\\nodejs\\node.exe" "C:\\Users\\Brunet Sylvain\\AppData\\Roaming\\npm\\node_modules\\npm\\bin\\npm-cli.js" "run" "lint"
19 error node v4.6.1
20 error npm  v3.10.8
21 error code ELIFECYCLE
22 error front@0.0.0 lint: `tslint "src/**/*.ts"`
22 error Exit status 2
23 error Failed at the front@0.0.0 lint script 'tslint "src/**/*.ts"'.
23 error Make sure you have the latest version of node.js and npm installed.
23 error If you do, this is most likely a problem with the front package,
23 error not with npm itself.
23 error Tell the author that this fails on your system:
23 error     tslint "src/**/*.ts"
23 error You can get information on how to open an issue for this project with:
23 error     npm bugs front
23 error Or if that isn't available, you can get their info via:
23 error     npm owner ls front
23 error There is likely additional logging output above.
24 verbose exit [ 1, true ]
